TN:
SF:script/DeployMyGovernor.s.sol
FN:14,DeployMyGovernor.run
FNDA:0,DeployMyGovernor.run
DA:15,0
DA:16,0
DA:17,0
DA:18,0
FNF:1
FNH:0
LF:4
LH:0
BRF:0
BRH:0
end_of_record
TN:
SF:script/DeployTimeLock.s.sol
FN:10,DeployTimeLock.run
FNDA:0,DeployTimeLock.run
DA:11,0
DA:12,0
DA:13,0
DA:14,0
DA:15,0
FNF:1
FNH:0
LF:5
LH:0
BRF:0
BRH:0
end_of_record
TN:
SF:script/DeployVault.s.sol
FN:10,DeployVault.run
FNDA:0,DeployVault.run
DA:11,0
DA:12,0
FNF:1
FNH:0
LF:2
LH:0
BRF:0
BRH:0
end_of_record
TN:
SF:script/DeployVotingToken.s.sol
FN:10,DeployVotingToken.run
FNDA:0,DeployVotingToken.run
DA:11,0
DA:12,0
FNF:1
FNH:0
LF:2
LH:0
BRF:0
BRH:0
end_of_record
TN:
SF:src/MyGovernor.sol
FN:33,MyGovernor.votingDelay
FNDA:0,MyGovernor.votingDelay
DA:34,2
FN:37,MyGovernor.votingPeriod
FNDA:0,MyGovernor.votingPeriod
DA:38,2
FN:41,MyGovernor.quorum
FNDA:0,MyGovernor.quorum
DA:47,2
FN:50,MyGovernor.state
FNDA:4,MyGovernor.state
DA:56,8
FN:59,MyGovernor.propose
FNDA:4,MyGovernor.propose
DA:65,4
FN:68,MyGovernor.proposalThreshold
FNDA:0,MyGovernor.proposalThreshold
DA:69,4
FN:72,MyGovernor._execute
FNDA:1,MyGovernor._execute
DA:79,1
FN:82,MyGovernor._cancel
FNDA:0,MyGovernor._cancel
DA:88,0
FN:91,MyGovernor._executor
FNDA:2,MyGovernor._executor
DA:92,2
FN:95,MyGovernor.supportsInterface
FNDA:0,MyGovernor.supportsInterface
DA:101,0
FNF:10
FNH:4
LF:10
LH:8
BRF:0
BRH:0
end_of_record
TN:
SF:src/Vault.sol
FN:12,Vault.store
FNDA:2,Vault.store
DA:13,1
DA:14,1
FN:17,Vault.getNumber
FNDA:2,Vault.getNumber
DA:18,2
FNF:2
FNH:2
LF:3
LH:3
BRF:0
BRH:0
end_of_record
TN:
SF:src/VotingToken.sol
FN:12,VotingToken.mint
FNDA:1,VotingToken.mint
DA:13,1
FN:16,VotingToken._afterTokenTransfer
FNDA:1,VotingToken._afterTokenTransfer
DA:17,1
FN:20,VotingToken._mint
FNDA:1,VotingToken._mint
DA:21,1
FN:24,VotingToken._burn
FNDA:0,VotingToken._burn
DA:25,0
FNF:4
FNH:3
LF:4
LH:3
BRF:0
BRH:0
end_of_record
